Arguments: 
  D:\Program Files\nodejs\node.exe C:\Users\Administrator\AppData\Roaming\npm\node_modules\yarn\bin\yarn.js add mint-ui

PATH: 
  C:\Users\Administrator\bin;D:\Program Files\Git\mingw64\bin;D:\Program Files\Git\usr\local\bin;D:\Program Files\Git\usr\bin;D:\Program Files\Git\usr\bin;D:\Program Files\Git\mingw64\bin;D:\Program Files\Git\usr\bin;C:\Users\Administrator\bin;C:\Windows\system32;C:\Windows;C:\Windows\System32\Wbem;C:\Windows\System32\WindowsPowerShell\v1.0;D:\Program Files\Git\cmd;F:\phpStudy\php\php-7.0.12-nts;C:\ProgramData\ComposerSetup\bin;D:\Program Files\nodejs;C:\Program Files (x86)\Windows Kits\8.1\Windows Performance Toolkit;C:\Users\Administrator\.windows-build-tools\python27;D:\Program Files\nodejs\node_modules\npm\node_modules\npm-lifecycle\node-gyp-bin;C:\Users\Administrator\AppData\Roaming\npm\node_modules\windows-build-tools\node_modules\.bin;C:\Users\Administrator\AppData\Roaming\npm\node_modules\.bin;C:\Users\Administrator\bin;D:\Program Files\Git\mingw64\bin;D:\Program Files\Git\usr\local\bin;D:\Program Files\Git\usr\bin;D:\Program Files\Git\usr\bin;D:\Program Files\Git\mingw64\bin;D:\Program Files\Git\usr\bin;C:\Users\Administrator\bin;C:\Windows\system32;C:\Windows;C:\Windows\System32\Wbem;C:\Windows\System32\WindowsPowerShell\v1.0;D:\Program Files\Git\cmd;F:\phpStudy\php\php-7.0.12-nts;C:\ProgramData\ComposerSetup\bin;D:\Program Files\nodejs;C:\Users\Administrator\AppData\Roaming\Composer\vendor\bin;C:\Users\Administrator\AppData\Roaming\npm;D:\Program Files\Git\usr\bin\vendor_perl;D:\Program Files\Git\usr\bin\core_perl;D:\Program Files\Git\usr\bin\vendor_perl;D:\Program Files\Git\usr\bin\core_perl

Yarn version: 
  1.13.0

Node version: 
  8.11.4

Platform: 
  win32 x64

Trace: 
  Error: https://registry.yarnpkg.com/echarts/-/echarts-4.1.0.tgz: unexpected end of file
      at Gunzip.zlibOnError (zlib.js:153:15)

npm manifest: 
  {
    "private": true,
    "scripts": {
      "dev": "npm run development",
      "development": "cross-env NODE_ENV=development node_modules/webpack/bin/webpack.js --progress --hide-modules --config=node_modules/laravel-mix/setup/webpack.config.js",
      "watch": "cross-env NODE_ENV=development node_modules/webpack/bin/webpack.js --watch --progress --hide-modules --config=node_modules/laravel-mix/setup/webpack.config.js",
      "watch-poll": "npm run watch -- --watch-poll",
      "hot": "cross-env NODE_ENV=development node_modules/webpack-dev-server/bin/webpack-dev-server.js --inline --hot --config=node_modules/laravel-mix/setup/webpack.config.js",
      "prod": "npm run production",
      "production": "cross-env NODE_ENV=production node_modules/webpack/bin/webpack.js --progress --hide-modules --config=node_modules/laravel-mix/setup/webpack.config.js"
    },
    "devDependencies": {
      "axios": "^0.16.2",
      "babel-helpers": "^6.24.1",
      "bootstrap-sass": "^3.3.7",
      "browser-sync": "^2.26.3",
      "browser-sync-webpack-plugin": "^2.2.2",
      "cross-env": "^5.2.0",
      "jquery": "^3.1.1",
      "laravel-mix": "^1.0",
      "lodash": "^4.17.4",
      "vue": "^2.1.10",
      "vue-axios": "^2.1.3",
      "vue-loader": "^13.7.1",
      "vue-router": "^3.0.1",
      "vue-template-compiler": "^2.5.17"
    },
    "dependencies": {
      "autoprefixer": "^8.5.0",
      "babel-core": "^6.26.3",
      "babel-eslint": "^8.2.6",
      "babel-helper-vue-jsx-merge-props": "^2.0.3",
      "babel-loader": "^7.1.5",
      "babel-plugin-dynamic-import-node": "^2.0.0",
      "babel-plugin-syntax-jsx": "^6.18.0",
      "babel-plugin-transform-object-rest-spread": "^6.23.0",
      "babel-plugin-transform-runtime": "^6.23.0",
      "babel-plugin-transform-vue-jsx": "^3.7.0",
      "babel-preset-env": "^1.7.0",
      "babel-preset-es2015": "^6.24.1",
      "babel-preset-stage-2": "^6.24.1",
      "chalk": "^2.4.1",
      "clipboard": "^1.7.1",
      "connect": "^3.6.6",
      "copy-webpack-plugin": "^4.5.2",
      "css-loader": "^1.0.0",
      "driver.js": "^0.5.2",
      "dropzone": "^5.2.0",
      "echarts": "^4.1.0",
      "element-ui": "^2.4.7",
      "eslint": "^4.19.1",
      "eslint-friendly-formatter": "^4.0.1",
      "eslint-loader": "^2.0.0",
      "eslint-plugin-vue": "^4.7.1",
      "file-loader": "^1.1.11",
      "file-save": "^0.2.0",
      "file-saver": "^1.3.8",
      "font-awesome": "^4.7.0",
      "friendly-errors-webpack-plugin": "^1.7.0",
      "hash-sum": "^1.0.2",
      "html-webpack-plugin": "^4.0.0-alpha",
      "husky": "^0.14.3",
      "js-cookie": "^2.2.0",
      "jsonlint": "^1.6.3",
      "jszip": "^3.1.5",
      "lint-staged": "^7.2.2",
      "mini-css-extract-plugin": "^0.4.1",
      "mockjs": "^1.0.1-beta3",
      "node-notifier": "^5.2.1",
      "node-sass": "^4.9.3",
      "normalize.css": "^8.0.0",
      "nprogress": "^0.2.0",
      "optimize-css-assets-webpack-plugin": "^5.0.0",
      "ora": "^3.0.0",
      "portfinder": "^1.0.13",
      "postcss-import": "^11.1.0",
      "postcss-loader": "^2.1.6",
      "postcss-url": "^7.3.2",
      "rimraf": "^2.6.2",
      "sass-loader": "^7.0.3",
      "screenfull": "^3.3.3",
      "script-ext-html-webpack-plugin": "^2.0.1",
      "script-loader": "^0.7.2",
      "semver": "^5.5.0",
      "serve-static": "^1.13.2",
      "shelljs": "^0.8.2",
      "showdown": "^1.8.6",
      "simplemde": "^1.11.2",
      "sortablejs": "^1.7.0",
      "svg-sprite-loader": "^3.8.0",
      "uglifyjs-webpack-plugin": "^1.2.7",
      "url-loader": "^1.0.1",
      "vue-count-to": "^1.0.13",
      "vue-i18n": "^7.3.2",
      "vue-splitpane": "^1.0.2",
      "vue-style-loader": "^4.1.2",
      "vuedraggable": "^2.16.0",
      "vuex": "^3.0.1",
      "xlsx": "^0.11.19"
    },
    "babel": {
      "plugins": [
        "transform-object-rest-spread"
      ]
    }
  }

yarn manifest: 
  No manifest

Lockfile: 
  No lockfile
